<?xml version="1.0" encoding="UTF-8"?>
<!-- Generated by org.testng.reporters.JUnitXMLReporter -->
<testsuite hostname="Swapnas-MBP" ignored="0" name="Default test" tests="3" failures="1" timestamp="18 Mar 2025 19:00:19 GMT" time="30.952" errors="0">
  <testcase name="testAmazon" time="14.766" classname="com.org.AccessibilityTest.AllyTest">
    <failure type="java.lang.AssertionError" message="Found 13 accessibility violations:
1) Elements must only use allowed ARIA attributes: https://dequeuniversity.com/rules/axe/3.1/aria-allowed-attr?application=axeAPI
  a) [&amp;quot;#twotabsearchtextbox&amp;quot;]
    Fix any of the following:
      ARIA attribute is not allowed: aria-expanded=&amp;quot;false&amp;quot;


2) IDs used in ARIA and labels must be unique: https://dequeuniversity.com/rules/axe/3.1/duplicate-id-aria?application=axeAPI
  a) [&amp;quot;#ape_Gateway_right-7_desktop_iframe&amp;quot;,&amp;quot;div:nth-child(2) &amp;gt; a&amp;quot;]
    Fix any of the following:
      Document has multiple elements referenced with ARIA with the same id attribute: adLink


3) id attribute value must be unique: https://dequeuniversity.com/rules/axe/3.1/duplicate-id?application=axeAPI
  a) [&amp;quot;#ape_Gateway_right-7_desktop_iframe&amp;quot;,&amp;quot;svg[version=\&amp;quot;\\31 \\.1\&amp;quot;][focusable=\&amp;quot;false\&amp;quot;][viewBox=\&amp;quot;\\30 \\ 0\\ 19\\ 19\&amp;quot;]:nth-child(1) &amp;gt; defs &amp;gt; lineargradient&amp;quot;]
    Fix any of the following:
      Document has multiple static elements with the same id attribute


4) Frames must have a unique title attribute: https://dequeuniversity.com/rules/axe/3.1/frame-title-unique?application=axeAPI
  a) [&amp;quot;#ape_Gateway_desktop-ad-center-1_desktop_iframe&amp;quot;]
    Fix all of the following:
      Element&amp;apos;s title attribute is not unique


  b) [&amp;quot;#ape_Gateway_right-7_desktop_iframe&amp;quot;]
    Fix all of the following:
      Element&amp;apos;s title attribute is not unique


5) Heading levels should only increase by one: https://dequeuniversity.com/rules/axe/3.1/heading-order?application=axeAPI
  a) [&amp;quot;.navFooterLinkCol.navAccessibility:nth-child(1) &amp;gt; .navFooterColHead[role=\&amp;quot;heading\&amp;quot;][aria-level=\&amp;quot;\\36 \&amp;quot;]&amp;quot;]
    Fix any of the following:
      Heading order invalid


6) &amp;lt;html&amp;gt; element must have a lang attribute: https://dequeuniversity.com/rules/axe/3.1/html-has-lang?application=axeAPI
  a) [&amp;quot;#ape_Gateway_desktop-ad-center-1_desktop_iframe&amp;quot;,&amp;quot;html&amp;quot;]
    Fix any of the following:
      The &amp;lt;html&amp;gt; element does not have a lang attribute


  b) [&amp;quot;#ape_Gateway_right-7_desktop_iframe&amp;quot;,&amp;quot;html&amp;quot;]
    Fix any of the following:
      The &amp;lt;html&amp;gt; element does not have a lang attribute


7) Images must have alternate text: https://dequeuniversity.com/rules/axe/3.1/image-alt?application=axeAPI
  a) [&amp;quot;#ape_Gateway_desktop-ad-center-1_desktop_iframe&amp;quot;,&amp;quot;.ad-background-image&amp;quot;]
    Fix any of the following:
      Element does not have an alt attribute
      aria-label attribute does not exist or is empty
      aria-labelledby attribute does not exist, references elements that do not exist or references elements that are empty
      Element has no title attribute or the title attribute is empty
      Element&amp;apos;s default semantics were not overridden with role=&amp;quot;presentation&amp;quot;
      Element&amp;apos;s default semantics were not overridden with role=&amp;quot;none&amp;quot;


8) Text of buttons and links should not be repeated in the image alternative: https://dequeuniversity.com/rules/axe/3.1/image-redundant-alt?application=axeAPI
  a) [&amp;quot;a[aria-label=\&amp;quot;Gucci\&amp;quot;]&amp;quot;]
    Fix all of the following:
      Element contains &amp;lt;img&amp;gt; element with alt text that duplicates existing text


  b) [&amp;quot;a[aria-label=\&amp;quot;Chanel\&amp;quot;]&amp;quot;]
    Fix all of the following:
      Element contains &amp;lt;img&amp;gt; element with alt text that duplicates existing text


  c) [&amp;quot;a[aria-label=\&amp;quot;Louis\\ Vuitton\&amp;quot;]&amp;quot;]
    Fix all of the following:
      Element contains &amp;lt;img&amp;gt; element with alt text that duplicates existing text


  d) [&amp;quot;a[aria-label=\&amp;quot;Dior\&amp;quot;]&amp;quot;]
    Fix all of the following:
      Element contains &amp;lt;img&amp;gt; element with alt text that duplicates existing text


  e) [&amp;quot;a[aria-label=\&amp;quot;Clothes\&amp;quot;]&amp;quot;]
    Fix all of the following:
      Element contains &amp;lt;img&amp;gt; element with alt text that duplicates existing text


  f) [&amp;quot;a[aria-label=\&amp;quot;Accessories\&amp;quot;]&amp;quot;]
    Fix all of the following:
      Element contains &amp;lt;img&amp;gt; element with alt text that duplicates existing text


  g) [&amp;quot;a[aria-label=\&amp;quot;Sandals\&amp;quot;]&amp;quot;]
    Fix all of the following:
      Element contains &amp;lt;img&amp;gt; element with alt text that duplicates existing text


  h) [&amp;quot;a[aria-label=\&amp;quot;Swimwear\&amp;quot;]&amp;quot;]
    Fix all of the following:
      Element contains &amp;lt;img&amp;gt; element with alt text that duplicates existing text


  i) [&amp;quot;a[aria-label=\&amp;quot;PC\&amp;quot;]&amp;quot;]
    Fix all of the following:
      Element contains &amp;lt;img&amp;gt; element with alt text that duplicates existing text


  j) [&amp;quot;a[aria-label=\&amp;quot;Wireless\&amp;quot;]&amp;quot;]
    Fix all of the following:
      Element contains &amp;lt;img&amp;gt; element with alt text that duplicates existing text


  k) [&amp;quot;a[aria-label=\&amp;quot;Software\&amp;quot;]&amp;quot;]
    Fix all of the following:
      Element contains &amp;lt;img&amp;gt; element with alt text that duplicates existing text


  l) [&amp;quot;a[aria-label=\&amp;quot;Home\\ entertainment\&amp;quot;]&amp;quot;]
    Fix all of the following:
      Element contains &amp;lt;img&amp;gt; element with alt text that duplicates existing text


  m) [&amp;quot;a[aria-label=\&amp;quot;Beauty\\ \\&amp;amp;\\ wellness\&amp;quot;]&amp;quot;]
    Fix all of the following:
      Element contains &amp;lt;img&amp;gt; element with alt text that duplicates existing text


  n) [&amp;quot;a[aria-label=\&amp;quot;Handmade\&amp;quot;]&amp;quot;]
    Fix all of the following:
      Element contains &amp;lt;img&amp;gt; element with alt text that duplicates existing text


  o) [&amp;quot;a[aria-label=\&amp;quot;Home\\ \\&amp;amp;\\ kitchen\&amp;quot;]&amp;quot;]
    Fix all of the following:
      Element contains &amp;lt;img&amp;gt; element with alt text that duplicates existing text


  p) [&amp;quot;a[aria-label=\&amp;quot;Sporty\\ buys\&amp;quot;]&amp;quot;]
    Fix all of the following:
      Element contains &amp;lt;img&amp;gt; element with alt text that duplicates existing text


  q) [&amp;quot;a[aria-label=\&amp;quot;Cozy\\ mom\&amp;quot;]&amp;quot;]
    Fix all of the following:
      Element contains &amp;lt;img&amp;gt; element with alt text that duplicates existing text


  r) [&amp;quot;a[aria-label=\&amp;quot;New\\ mom\&amp;quot;]&amp;quot;]
    Fix all of the following:
      Element contains &amp;lt;img&amp;gt; element with alt text that duplicates existing text


  s) [&amp;quot;a[aria-label=\&amp;quot;Techie\\ mom\&amp;quot;]&amp;quot;]
    Fix all of the following:
      Element contains &amp;lt;img&amp;gt; element with alt text that duplicates existing text


  t) [&amp;quot;a[aria-label=\&amp;quot;Foodie\\ mom\&amp;quot;]&amp;quot;]
    Fix all of the following:
      Element contains &amp;lt;img&amp;gt; element with alt text that duplicates existing text


  u) [&amp;quot;a[aria-label=\&amp;quot;Customer-loved\&amp;quot;]&amp;quot;]
    Fix all of the following:
      Element contains &amp;lt;img&amp;gt; element with alt text that duplicates existing text


  v) [&amp;quot;.a-spacing-small._fluid-quad-image-label-v2_style_gridRowOne__1t0zL.a-section &amp;gt; ._fluid-quad-image-label-v2_style_rightQuadrant__PI01n._fluid-quad-image-label-v2_style_quadrantContainer__3TMqG.a-spacing-none &amp;gt; ._fluid-quad-image-label-v2_style_centerImage__30wh-.image-window[aria-label=\&amp;quot;Deals\&amp;quot;]&amp;quot;]
    Fix all of the following:
      Element contains &amp;lt;img&amp;gt; element with alt text that duplicates existing text


  w) [&amp;quot;#CardInstancekEmopbAMCon1sHFVF0_wmQ &amp;gt; ._fluid-quad-image-label-v2_style_fluidQuadImageLabelBody__3tld0 &amp;gt; ._fluid-quad-image-label-v2_style_gridRowTwo__15woW.a-section &amp;gt; ._fluid-quad-image-label-v2_style_leftQuadrant__21nVp._fluid-quad-image-label-v2_style_quadrantContainer__3TMqG.a-spacing-none &amp;gt; ._fluid-quad-image-label-v2_style_centerImage__30wh-.image-window[aria-label=\&amp;quot;Decor\&amp;quot;]&amp;quot;]
    Fix all of the following:
      Element contains &amp;lt;img&amp;gt; element with alt text that duplicates existing text


  x) [&amp;quot;a[aria-label=\&amp;quot;Our\\ Top\\ 100\\+\\ gifts\&amp;quot;]&amp;quot;]
    Fix all of the following:
      Element contains &amp;lt;img&amp;gt; element with alt text that duplicates existing text


  y) [&amp;quot;a[aria-label=\&amp;quot;Fashion\&amp;quot;]&amp;quot;]
    Fix all of the following:
      Element contains &amp;lt;img&amp;gt; element with alt text that duplicates existing text


  z) [&amp;quot;a[aria-label=\&amp;quot;Beauty\&amp;quot;]&amp;quot;]
    Fix all of the following:
      Element contains &amp;lt;img&amp;gt; element with alt text that duplicates existing text


  aa) [&amp;quot;#CardInstanceACF_7gK4TheTQBFYqU-4iw &amp;gt; ._fluid-quad-image-label-v2_style_fluidQuadImageLabelBody__3tld0 &amp;gt; ._fluid-quad-image-label-v2_style_gridRowTwo__15woW.a-section &amp;gt; ._fluid-quad-image-label-v2_style_leftQuadrant__21nVp._fluid-quad-image-label-v2_style_quadrantContainer__3TMqG.a-spacing-none &amp;gt; ._fluid-quad-image-label-v2_style_centerImage__30wh-.image-window[aria-label=\&amp;quot;Decor\&amp;quot;]&amp;quot;]
    Fix all of the following:
      Element contains &amp;lt;img&amp;gt; element with alt text that duplicates existing text


  ab) [&amp;quot;a[aria-label=\&amp;quot;Lawn\\ \\&amp;amp;\\ garden\&amp;quot;]&amp;quot;]
    Fix all of the following:
      Element contains &amp;lt;img&amp;gt; element with alt text that duplicates existing text


  ac) [&amp;quot;.a-spacing-small._fluid-quad-image-label-v2_style_gridRowOne__1t0zL.a-section &amp;gt; ._fluid-quad-image-label-v2_style_leftQuadrant__21nVp._fluid-quad-image-label-v2_style_quadrantContainer__3TMqG.a-spacing-none &amp;gt; ._fluid-quad-image-label-v2_style_centerImage__30wh-.image-window[aria-label=\&amp;quot;Under\\ \\$20\&amp;quot;]&amp;quot;]
    Fix all of the following:
      Element contains &amp;lt;img&amp;gt; element with alt text that duplicates existing text


  ad) [&amp;quot;a[aria-label=\&amp;quot;Under\\ \\$50\&amp;quot;]&amp;quot;]
    Fix all of the following:
      Element contains &amp;lt;img&amp;gt; element with alt text that duplicates existing text


  ae) [&amp;quot;a[aria-label=\&amp;quot;Under\\ \\$100\&amp;quot;]&amp;quot;]
    Fix all of the following:
      Element contains &amp;lt;img&amp;gt; element with alt text that duplicates existing text


  af) [&amp;quot;#CardInstanceGNxPa8J-FKQBBKypTJ6QWw &amp;gt; ._fluid-quad-image-label-v2_style_fluidQuadImageLabelBody__3tld0 &amp;gt; ._fluid-quad-image-label-v2_style_gridRowTwo__15woW.a-section &amp;gt; ._fluid-quad-image-label-v2_style_rightQuadrant__PI01n._fluid-quad-image-label-v2_style_quadrantContainer__3TMqG.a-spacing-none &amp;gt; ._fluid-quad-image-label-v2_style_centerImage__30wh-.image-window[aria-label=\&amp;quot;Deals\&amp;quot;]&amp;quot;]
    Fix all of the following:
      Element contains &amp;lt;img&amp;gt; element with alt text that duplicates existing text


  ag) [&amp;quot;#CardInstanceN2unYPs4-TY-o16Qpwnixw &amp;gt; ._fluid-quad-image-label-v2_style_fluidQuadImageLabelBody__3tld0 &amp;gt; .a-spacing-small._fluid-quad-image-label-v2_style_gridRowOne__1t0zL.a-section &amp;gt; ._fluid-quad-image-label-v2_style_leftQuadrant__21nVp._fluid-quad-image-label-v2_style_quadrantContainer__3TMqG.a-spacing-none &amp;gt; ._fluid-quad-image-label-v2_style_centerImage__30wh-.image-window[aria-label=\&amp;quot;Candy\&amp;quot;]&amp;quot;]
    Fix all of the following:
      Element contains &amp;lt;img&amp;gt; element with alt text that duplicates existing text


  ah) [&amp;quot;._fluid-quad-image-label-v2_style_rightQuadrant__PI01n._fluid-quad-image-label-v2_style_quadrantContainer__3TMqG.a-spacing-none &amp;gt; ._fluid-quad-image-label-v2_style_centerImage__30wh-.image-window[aria-label=\&amp;quot;Toys\&amp;quot;]&amp;quot;]
    Fix all of the following:
      Element contains &amp;lt;img&amp;gt; element with alt text that duplicates existing text


  ai) [&amp;quot;a[aria-label=\&amp;quot;Books\&amp;quot;]&amp;quot;]
    Fix all of the following:
      Element contains &amp;lt;img&amp;gt; element with alt text that duplicates existing text


  aj) [&amp;quot;a[aria-label=\&amp;quot;Basket\\ stuffers\&amp;quot;]&amp;quot;]
    Fix all of the following:
      Element contains &amp;lt;img&amp;gt; element with alt text that duplicates existing text


9) Form elements should have a visible label: https://dequeuniversity.com/rules/axe/3.1/label-title-only?application=axeAPI
  a) [&amp;quot;#searchDropdownBox&amp;quot;]
    Fix all of the following:
      Only title used to generate label for form element


10) Form elements must have labels: https://dequeuniversity.com/rules/axe/3.1/label?application=axeAPI
  a) [&amp;quot;#searchDropdownBox&amp;quot;]
    Fix all of the following:
      Form element has explicit &amp;lt;label&amp;gt; that is hidden


  b) [&amp;quot;#twotabsearchtextbox&amp;quot;]
    Fix all of the following:
      Form element has explicit &amp;lt;label&amp;gt; that is hidden


11) Links must have discernible text: https://dequeuniversity.com/rules/axe/3.1/link-name?application=axeAPI
  a) [&amp;quot;#ape_Gateway_desktop-ad-center-1_desktop_iframe&amp;quot;,&amp;quot;a&amp;quot;]
    Fix all of the following:
      Element is in tab order and does not have accessible text

    Fix any of the following:
      Element does not have text that is visible to screen readers
      aria-label attribute does not exist or is empty
      aria-labelledby attribute does not exist, references elements that do not exist or references elements that are empty
      Element&amp;apos;s default semantics were not overridden with role=&amp;quot;presentation&amp;quot;
      Element&amp;apos;s default semantics were not overridden with role=&amp;quot;none&amp;quot;


12) Page must contain a level-one heading: https://dequeuniversity.com/rules/axe/3.1/page-has-heading-one?application=axeAPI
  a) [&amp;quot;html&amp;quot;]
    Fix all of the following:
      Page must have a level-one heading


  b) [&amp;quot;#ape_Gateway_desktop-ad-center-1_desktop_iframe&amp;quot;,&amp;quot;html&amp;quot;]
    Fix all of the following:
      Page must have a level-one heading


  c) [&amp;quot;#ape_Gateway_right-7_desktop_iframe&amp;quot;,&amp;quot;html&amp;quot;]
    Fix all of the following:
      Page must have a level-one heading


13) All page content must be contained by landmarks: https://dequeuniversity.com/rules/axe/3.1/region?application=axeAPI
  a) [&amp;quot;html&amp;quot;]
    Fix any of the following:
      Some page content is not contained by landmarks

 expected [true] but found [false]">
      <![CDATA[java.lang.AssertionError: Found 13 accessibility violations:
1) Elements must only use allowed ARIA attributes: https://dequeuniversity.com/rules/axe/3.1/aria-allowed-attr?application=axeAPI
  a) ["#twotabsearchtextbox"]
    Fix any of the following:
      ARIA attribute is not allowed: aria-expanded="false"


2) IDs used in ARIA and labels must be unique: https://dequeuniversity.com/rules/axe/3.1/duplicate-id-aria?application=axeAPI
  a) ["#ape_Gateway_right-7_desktop_iframe","div:nth-child(2) > a"]
    Fix any of the following:
      Document has multiple elements referenced with ARIA with the same id attribute: adLink


3) id attribute value must be unique: https://dequeuniversity.com/rules/axe/3.1/duplicate-id?application=axeAPI
  a) ["#ape_Gateway_right-7_desktop_iframe","svg[version=\"\\31 \\.1\"][focusable=\"false\"][viewBox=\"\\30 \\ 0\\ 19\\ 19\"]:nth-child(1) > defs > lineargradient"]
    Fix any of the following:
      Document has multiple static elements with the same id attribute


4) Frames must have a unique title attribute: https://dequeuniversity.com/rules/axe/3.1/frame-title-unique?application=axeAPI
  a) ["#ape_Gateway_desktop-ad-center-1_desktop_iframe"]
    Fix all of the following:
      Element's title attribute is not unique


  b) ["#ape_Gateway_right-7_desktop_iframe"]
    Fix all of the following:
      Element's title attribute is not unique


5) Heading levels should only increase by one: https://dequeuniversity.com/rules/axe/3.1/heading-order?application=axeAPI
  a) [".navFooterLinkCol.navAccessibility:nth-child(1) > .navFooterColHead[role=\"heading\"][aria-level=\"\\36 \"]"]
    Fix any of the following:
      Heading order invalid


6) <html> element must have a lang attribute: https://dequeuniversity.com/rules/axe/3.1/html-has-lang?application=axeAPI
  a) ["#ape_Gateway_desktop-ad-center-1_desktop_iframe","html"]
    Fix any of the following:
      The <html> element does not have a lang attribute


  b) ["#ape_Gateway_right-7_desktop_iframe","html"]
    Fix any of the following:
      The <html> element does not have a lang attribute


7) Images must have alternate text: https://dequeuniversity.com/rules/axe/3.1/image-alt?application=axeAPI
  a) ["#ape_Gateway_desktop-ad-center-1_desktop_iframe",".ad-background-image"]
    Fix any of the following:
      Element does not have an alt attribute
      aria-label attribute does not exist or is empty
      aria-labelledby attribute does not exist, references elements that do not exist or references elements that are empty
      Element has no title attribute or the title attribute is empty
      Element's default semantics were not overridden with role="presentation"
      Element's default semantics were not overridden with role="none"


8) Text of buttons and links should not be repeated in the image alternative: https://dequeuniversity.com/rules/axe/3.1/image-redundant-alt?application=axeAPI
  a) ["a[aria-label=\"Gucci\"]"]
    Fix all of the following:
      Element contains <img> element with alt text that duplicates existing text


  b) ["a[aria-label=\"Chanel\"]"]
    Fix all of the following:
      Element contains <img> element with alt text that duplicates existing text


  c) ["a[aria-label=\"Louis\\ Vuitton\"]"]
    Fix all of the following:
      Element contains <img> element with alt text that duplicates existing text


  d) ["a[aria-label=\"Dior\"]"]
    Fix all of the following:
      Element contains <img> element with alt text that duplicates existing text


  e) ["a[aria-label=\"Clothes\"]"]
    Fix all of the following:
      Element contains <img> element with alt text that duplicates existing text


  f) ["a[aria-label=\"Accessories\"]"]
    Fix all of the following:
      Element contains <img> element with alt text that duplicates existing text


  g) ["a[aria-label=\"Sandals\"]"]
    Fix all of the following:
      Element contains <img> element with alt text that duplicates existing text


  h) ["a[aria-label=\"Swimwear\"]"]
    Fix all of the following:
      Element contains <img> element with alt text that duplicates existing text


  i) ["a[aria-label=\"PC\"]"]
    Fix all of the following:
      Element contains <img> element with alt text that duplicates existing text


  j) ["a[aria-label=\"Wireless\"]"]
    Fix all of the following:
      Element contains <img> element with alt text that duplicates existing text


  k) ["a[aria-label=\"Software\"]"]
    Fix all of the following:
      Element contains <img> element with alt text that duplicates existing text


  l) ["a[aria-label=\"Home\\ entertainment\"]"]
    Fix all of the following:
      Element contains <img> element with alt text that duplicates existing text


  m) ["a[aria-label=\"Beauty\\ \\&\\ wellness\"]"]
    Fix all of the following:
      Element contains <img> element with alt text that duplicates existing text


  n) ["a[aria-label=\"Handmade\"]"]
    Fix all of the following:
      Element contains <img> element with alt text that duplicates existing text


  o) ["a[aria-label=\"Home\\ \\&\\ kitchen\"]"]
    Fix all of the following:
      Element contains <img> element with alt text that duplicates existing text


  p) ["a[aria-label=\"Sporty\\ buys\"]"]
    Fix all of the following:
      Element contains <img> element with alt text that duplicates existing text


  q) ["a[aria-label=\"Cozy\\ mom\"]"]
    Fix all of the following:
      Element contains <img> element with alt text that duplicates existing text


  r) ["a[aria-label=\"New\\ mom\"]"]
    Fix all of the following:
      Element contains <img> element with alt text that duplicates existing text


  s) ["a[aria-label=\"Techie\\ mom\"]"]
    Fix all of the following:
      Element contains <img> element with alt text that duplicates existing text


  t) ["a[aria-label=\"Foodie\\ mom\"]"]
    Fix all of the following:
      Element contains <img> element with alt text that duplicates existing text


  u) ["a[aria-label=\"Customer-loved\"]"]
    Fix all of the following:
      Element contains <img> element with alt text that duplicates existing text


  v) [".a-spacing-small._fluid-quad-image-label-v2_style_gridRowOne__1t0zL.a-section > ._fluid-quad-image-label-v2_style_rightQuadrant__PI01n._fluid-quad-image-label-v2_style_quadrantContainer__3TMqG.a-spacing-none > ._fluid-quad-image-label-v2_style_centerImage__30wh-.image-window[aria-label=\"Deals\"]"]
    Fix all of the following:
      Element contains <img> element with alt text that duplicates existing text


  w) ["#CardInstancekEmopbAMCon1sHFVF0_wmQ > ._fluid-quad-image-label-v2_style_fluidQuadImageLabelBody__3tld0 > ._fluid-quad-image-label-v2_style_gridRowTwo__15woW.a-section > ._fluid-quad-image-label-v2_style_leftQuadrant__21nVp._fluid-quad-image-label-v2_style_quadrantContainer__3TMqG.a-spacing-none > ._fluid-quad-image-label-v2_style_centerImage__30wh-.image-window[aria-label=\"Decor\"]"]
    Fix all of the following:
      Element contains <img> element with alt text that duplicates existing text


  x) ["a[aria-label=\"Our\\ Top\\ 100\\+\\ gifts\"]"]
    Fix all of the following:
      Element contains <img> element with alt text that duplicates existing text


  y) ["a[aria-label=\"Fashion\"]"]
    Fix all of the following:
      Element contains <img> element with alt text that duplicates existing text


  z) ["a[aria-label=\"Beauty\"]"]
    Fix all of the following:
      Element contains <img> element with alt text that duplicates existing text


  aa) ["#CardInstanceACF_7gK4TheTQBFYqU-4iw > ._fluid-quad-image-label-v2_style_fluidQuadImageLabelBody__3tld0 > ._fluid-quad-image-label-v2_style_gridRowTwo__15woW.a-section > ._fluid-quad-image-label-v2_style_leftQuadrant__21nVp._fluid-quad-image-label-v2_style_quadrantContainer__3TMqG.a-spacing-none > ._fluid-quad-image-label-v2_style_centerImage__30wh-.image-window[aria-label=\"Decor\"]"]
    Fix all of the following:
      Element contains <img> element with alt text that duplicates existing text


  ab) ["a[aria-label=\"Lawn\\ \\&\\ garden\"]"]
    Fix all of the following:
      Element contains <img> element with alt text that duplicates existing text


  ac) [".a-spacing-small._fluid-quad-image-label-v2_style_gridRowOne__1t0zL.a-section > ._fluid-quad-image-label-v2_style_leftQuadrant__21nVp._fluid-quad-image-label-v2_style_quadrantContainer__3TMqG.a-spacing-none > ._fluid-quad-image-label-v2_style_centerImage__30wh-.image-window[aria-label=\"Under\\ \\$20\"]"]
    Fix all of the following:
      Element contains <img> element with alt text that duplicates existing text


  ad) ["a[aria-label=\"Under\\ \\$50\"]"]
    Fix all of the following:
      Element contains <img> element with alt text that duplicates existing text


  ae) ["a[aria-label=\"Under\\ \\$100\"]"]
    Fix all of the following:
      Element contains <img> element with alt text that duplicates existing text


  af) ["#CardInstanceGNxPa8J-FKQBBKypTJ6QWw > ._fluid-quad-image-label-v2_style_fluidQuadImageLabelBody__3tld0 > ._fluid-quad-image-label-v2_style_gridRowTwo__15woW.a-section > ._fluid-quad-image-label-v2_style_rightQuadrant__PI01n._fluid-quad-image-label-v2_style_quadrantContainer__3TMqG.a-spacing-none > ._fluid-quad-image-label-v2_style_centerImage__30wh-.image-window[aria-label=\"Deals\"]"]
    Fix all of the following:
      Element contains <img> element with alt text that duplicates existing text


  ag) ["#CardInstanceN2unYPs4-TY-o16Qpwnixw > ._fluid-quad-image-label-v2_style_fluidQuadImageLabelBody__3tld0 > .a-spacing-small._fluid-quad-image-label-v2_style_gridRowOne__1t0zL.a-section > ._fluid-quad-image-label-v2_style_leftQuadrant__21nVp._fluid-quad-image-label-v2_style_quadrantContainer__3TMqG.a-spacing-none > ._fluid-quad-image-label-v2_style_centerImage__30wh-.image-window[aria-label=\"Candy\"]"]
    Fix all of the following:
      Element contains <img> element with alt text that duplicates existing text


  ah) ["._fluid-quad-image-label-v2_style_rightQuadrant__PI01n._fluid-quad-image-label-v2_style_quadrantContainer__3TMqG.a-spacing-none > ._fluid-quad-image-label-v2_style_centerImage__30wh-.image-window[aria-label=\"Toys\"]"]
    Fix all of the following:
      Element contains <img> element with alt text that duplicates existing text


  ai) ["a[aria-label=\"Books\"]"]
    Fix all of the following:
      Element contains <img> element with alt text that duplicates existing text


  aj) ["a[aria-label=\"Basket\\ stuffers\"]"]
    Fix all of the following:
      Element contains <img> element with alt text that duplicates existing text


9) Form elements should have a visible label: https://dequeuniversity.com/rules/axe/3.1/label-title-only?application=axeAPI
  a) ["#searchDropdownBox"]
    Fix all of the following:
      Only title used to generate label for form element


10) Form elements must have labels: https://dequeuniversity.com/rules/axe/3.1/label?application=axeAPI
  a) ["#searchDropdownBox"]
    Fix all of the following:
      Form element has explicit <label> that is hidden


  b) ["#twotabsearchtextbox"]
    Fix all of the following:
      Form element has explicit <label> that is hidden


11) Links must have discernible text: https://dequeuniversity.com/rules/axe/3.1/link-name?application=axeAPI
  a) ["#ape_Gateway_desktop-ad-center-1_desktop_iframe","a"]
    Fix all of the following:
      Element is in tab order and does not have accessible text

    Fix any of the following:
      Element does not have text that is visible to screen readers
      aria-label attribute does not exist or is empty
      aria-labelledby attribute does not exist, references elements that do not exist or references elements that are empty
      Element's default semantics were not overridden with role="presentation"
      Element's default semantics were not overridden with role="none"


12) Page must contain a level-one heading: https://dequeuniversity.com/rules/axe/3.1/page-has-heading-one?application=axeAPI
  a) ["html"]
    Fix all of the following:
      Page must have a level-one heading


  b) ["#ape_Gateway_desktop-ad-center-1_desktop_iframe","html"]
    Fix all of the following:
      Page must have a level-one heading


  c) ["#ape_Gateway_right-7_desktop_iframe","html"]
    Fix all of the following:
      Page must have a level-one heading


13) All page content must be contained by landmarks: https://dequeuniversity.com/rules/axe/3.1/region?application=axeAPI
  a) ["html"]
    Fix any of the following:
      Some page content is not contained by landmarks

 expected [true] but found [false]
	at org.testng.Assert.fail(Assert.java:94)
	at org.testng.Assert.failNotEquals(Assert.java:513)
	at org.testng.Assert.assertTrue(Assert.java:42)
	at com.org.AccessibilityTest.AllyTest.testAmazon(AllyTest.java:45)
	at sun.reflect.NativeMethodAccessorImpl.invoke0(Native Method)
	at sun.reflect.NativeMethodAccessorImpl.invoke(NativeMethodAccessorImpl.java:62)
	at sun.reflect.DelegatingMethodAccessorImpl.invoke(DelegatingMethodAccessorImpl.java:43)
	at java.lang.reflect.Method.invoke(Method.java:498)
	at org.testng.internal.MethodInvocationHelper.invokeMethod(MethodInvocationHelper.java:104)
	at org.testng.internal.Invoker.invokeMethod(Invoker.java:645)
	at org.testng.internal.Invoker.invokeTestMethod(Invoker.java:851)
	at org.testng.internal.Invoker.invokeTestMethods(Invoker.java:1177)
	at org.testng.internal.TestMethodWorker.invokeTestMethods(TestMethodWorker.java:129)
	at org.testng.internal.TestMethodWorker.run(TestMethodWorker.java:112)
	at org.testng.TestRunner.privateRun(TestRunner.java:756)
	at org.testng.TestRunner.run(TestRunner.java:610)
	at org.testng.SuiteRunner.runTest(SuiteRunner.java:387)
	at org.testng.SuiteRunner.runSequentially(SuiteRunner.java:382)
	at org.testng.SuiteRunner.privateRun(SuiteRunner.java:340)
	at org.testng.SuiteRunner.run(SuiteRunner.java:289)
	at org.testng.SuiteRunnerWorker.runSuite(SuiteRunnerWorker.java:52)
	at org.testng.SuiteRunnerWorker.run(SuiteRunnerWorker.java:86)
	at org.testng.TestNG.runSuitesSequentially(TestNG.java:1293)
	at org.testng.TestNG.runSuitesLocally(TestNG.java:1218)
	at org.testng.TestNG.runSuites(TestNG.java:1133)
	at org.testng.TestNG.run(TestNG.java:1104)
	at org.testng.remote.AbstractRemoteTestNG.run(AbstractRemoteTestNG.java:132)
	at org.testng.remote.RemoteTestNG.initAndRun(RemoteTestNG.java:236)
	at org.testng.remote.RemoteTestNG.main(RemoteTestNG.java:81)
]]>
    </failure>
  </testcase> <!-- testAmazon -->
  <testcase name="testWithSelector" time="0.299" classname="com.org.AccessibilityTest.AllyTest"/>
  <testcase name="testWithWebElement" time="5.738" classname="com.org.AccessibilityTest.AllyTest"/>
</testsuite> <!-- Default test -->
